<?xml version="1.0" encoding="UTF-8"?>
<testsuite name="com.finance.homework.ExampleTest" tests="1" skipped="0" failures="0" errors="0" timestamp="2020-03-09T23:08:37" hostname="DESKTOP-GIOMRS3" time="19.44">
  <properties/>
  <testcase name="testShoesFilter" classname="com.finance.homework.ExampleTest" time="19.44"/>
  <system-out><![CDATA[]]></system-out>
  <system-err><![CDATA[Starting ChromeDriver 80.0.3987.106 (f68069574609230cf9b635cd784cfb1bf81bb53a-refs/branch-heads/3987@{#882}) on port 25376
Only local connections are allowed.
Please protect ports used by ChromeDriver and related test frameworks to prevent access by malicious code.
[1583795322.166][WARNING]: Timed out connecting to Chrome, retrying...
Mar 10, 2020 1:08:44 AM org.openqa.selenium.remote.ProtocolHandshake createSession
INFO: Detected dialect: W3C
[1583795326.229][WARNING]: Timed out connecting to Chrome, retrying...
[1583795329.093][SEVERE]: Timed out receiving message from renderer: 0.100
[1583795329.314][SEVERE]: Timed out receiving message from renderer: 0.100
[1583795329.739][SEVERE]: Timed out receiving message from renderer: 0.100
[1583795329.841][SEVERE]: Timed out receiving message from renderer: 0.100
[1583795330.128][SEVERE]: Timed out receiving message from renderer: 0.100
[1583795330.229][SEVERE]: Timed out receiving message from renderer: 0.100
[1583795330.331][SEVERE]: Timed out receiving message from renderer: 0.100
[1583795330.559][SEVERE]: Timed out receiving message from renderer: 0.100
[1583795330.905][SEVERE]: Timed out receiving message from renderer: 0.100
[1583795331.013][SEVERE]: Timed out receiving message from renderer: 0.100
[1583795331.114][SEVERE]: Timed out receiving message from renderer: 0.100
[1583795331.216][SEVERE]: Timed out receiving message from renderer: 0.100
[1583795331.318][SEVERE]: Timed out receiving message from renderer: 0.100
[1583795331.419][SEVERE]: Timed out receiving message from renderer: 0.100
[1583795332.645][SEVERE]: Timed out receiving message from renderer: 0.100
[1583795334.006][SEVERE]: Timed out receiving message from renderer: 0.100
[1583795334.493][SEVERE]: Timed out receiving message from renderer: 0.100
[1583795334.635][SEVERE]: Timed out receiving message from renderer: 0.100
[1583795334.736][SEVERE]: Timed out receiving message from renderer: 0.100
[1583795334.837][SEVERE]: Timed out receiving message from renderer: 0.100
]]></system-err>
</testsuite>
